<?xml version="1.0" encoding="UTF-8" ?>
<testsuite failures="0" time="0.546" errors="0" skipped="0" tests="4" name="TestSuite">
  <properties>
    <property name="java.runtime.name" value="Java(TM) SE Runtime Environment"/>
    <property name="sun.boot.library.path" value="C:\Program Files\Java\jdk1.7.0_67\jre\bin"/>
    <property name="java.vm.version" value="24.65-b04"/>
    <property name="user.country.format" value="UA"/>
    <property name="java.vm.vendor" value="Oracle Corporation"/>
    <property name="java.vendor.url" value="http://java.oracle.com/"/>
    <property name="path.separator" value=";"/>
    <property name="java.vm.name" value="Java HotSpot(TM) 64-Bit Server VM"/>
    <property name="file.encoding.pkg" value="sun.io"/>
    <property name="user.script" value=""/>
    <property name="user.country" value="US"/>
    <property name="sun.java.launcher" value="SUN_STANDARD"/>
    <property name="sun.os.patch.level" value="Service Pack 1"/>
    <property name="java.vm.specification.name" value="Java Virtual Machine Specification"/>
    <property name="user.dir" value="E:\LITS\4. Maven &amp; Git\LQASMAVEN\LQASMAVEN\LQASMaven"/>
    <property name="java.runtime.version" value="1.7.0_67-b01"/>
    <property name="java.awt.graphicsenv" value="sun.awt.Win32GraphicsEnvironment"/>
    <property name="basedir" value="E:\LITS\4. Maven &amp; Git\LQASMAVEN\LQASMAVEN\LQASMaven"/>
    <property name="java.endorsed.dirs" value="C:\Program Files\Java\jdk1.7.0_67\jre\lib\endorsed"/>
    <property name="os.arch" value="amd64"/>
    <property name="surefire.real.class.path" value="E:\LITS\4. Maven &amp; Git\LQASMAVEN\LQASMAVEN\LQASMaven\target\surefire\surefirebooter2936061234320330674.jar"/>
    <property name="java.io.tmpdir" value="C:\Users\Taras\AppData\Local\Temp\"/>
    <property name="line.separator" value="
"/>
    <property name="java.vm.specification.vendor" value="Oracle Corporation"/>
    <property name="user.variant" value=""/>
    <property name="os.name" value="Windows 7"/>
    <property name="sun.jnu.encoding" value="Cp1251"/>
    <property name="java.library.path" value="C:\Program Files\Java\jdk1.7.0_67\jre\bin;C:\Windows\Sun\Java\bin;C:\Windows\system32;C:\Windows;C:\Windows\system32;C:\Windows;C:\Windows\System32\Wbem;C:\Windows\System32\WindowsPowerShell\v1.0\;C:\adt-bundle-windows-x86_64-20140702\sdk;C:\Program Files (x86)\Git\bin;C:\Program Files\Apache Software Foundation\Tomcat 6.0\bin;C:\Program Files (x86)\QuickTime\QTSystem\;C:\apache-maven-3.1.0\bin;C:\curl-7.33.0-win64-nossl;C:\Windows\system32;C:\Windows;C:\Windows\System32\Wbem;C:\Windows\System32\WindowsPowerShell\v1.0\;C:\adt-bundle-windows-x86_64-20140702\sdk\platform-tools;C:\adt-bundle-windows-x86_64-20140702\sdk\tools;C:\Program Files\nodejs;C:\Program Files\Java\jdk1.7.0_67\bin;C:\Program Files\nodejs\;C:\Users\Taras\AppData\Roaming\npm;."/>
    <property name="surefire.test.class.path" value="E:\LITS\4. Maven &amp; Git\LQASMAVEN\LQASMAVEN\LQASMaven\target\test-classes;E:\LITS\4. Maven &amp; Git\LQASMAVEN\LQASMAVEN\LQASMaven\target\classes;C:\Users\Taras\.m2\repository\org\testng\testng\6.8\testng-6.8.jar;C:\Users\Taras\.m2\repository\junit\junit\4.10\junit-4.10.jar;C:\Users\Taras\.m2\repository\org\hamcrest\hamcrest-core\1.1\hamcrest-core-1.1.jar;C:\Users\Taras\.m2\repository\org\beanshell\bsh\2.0b4\bsh-2.0b4.jar;C:\Users\Taras\.m2\repository\com\beust\jcommander\1.27\jcommander-1.27.jar;C:\Users\Taras\.m2\repository\org\yaml\snakeyaml\1.6\snakeyaml-1.6.jar;C:\Users\Taras\.m2\repository\org\apache\maven\surefire\surefire-testng-utils\2.8.1\surefire-testng-utils-2.8.1.jar;"/>
    <property name="java.specification.name" value="Java Platform API Specification"/>
    <property name="java.class.version" value="51.0"/>
    <property name="sun.management.compiler" value="HotSpot 64-Bit Tiered Compilers"/>
    <property name="os.version" value="6.1"/>
    <property name="user.home" value="C:\Users\Taras"/>
    <property name="user.timezone" value="Europe/Helsinki"/>
    <property name="java.awt.printerjob" value="sun.awt.windows.WPrinterJob"/>
    <property name="java.specification.version" value="1.7"/>
    <property name="file.encoding" value="Cp1251"/>
    <property name="user.name" value="Taras"/>
    <property name="java.class.path" value="E:\LITS\4. Maven &amp; Git\LQASMAVEN\LQASMAVEN\LQASMaven\target\test-classes;E:\LITS\4. Maven &amp; Git\LQASMAVEN\LQASMAVEN\LQASMaven\target\classes;C:\Users\Taras\.m2\repository\org\testng\testng\6.8\testng-6.8.jar;C:\Users\Taras\.m2\repository\junit\junit\4.10\junit-4.10.jar;C:\Users\Taras\.m2\repository\org\hamcrest\hamcrest-core\1.1\hamcrest-core-1.1.jar;C:\Users\Taras\.m2\repository\org\beanshell\bsh\2.0b4\bsh-2.0b4.jar;C:\Users\Taras\.m2\repository\com\beust\jcommander\1.27\jcommander-1.27.jar;C:\Users\Taras\.m2\repository\org\yaml\snakeyaml\1.6\snakeyaml-1.6.jar;C:\Users\Taras\.m2\repository\org\apache\maven\surefire\surefire-testng-utils\2.8.1\surefire-testng-utils-2.8.1.jar;"/>
    <property name="java.vm.specification.version" value="1.7"/>
    <property name="sun.arch.data.model" value="64"/>
    <property name="java.home" value="C:\Program Files\Java\jdk1.7.0_67\jre"/>
    <property name="sun.java.command" value="E:\LITS\4. Maven &amp; Git\LQASMAVEN\LQASMAVEN\LQASMaven\target\surefire\surefirebooter2936061234320330674.jar E:\LITS\4. Maven &amp; Git\LQASMAVEN\LQASMAVEN\LQASMaven\target\surefire\surefire7589901794600967622tmp E:\LITS\4. Maven &amp; Git\LQASMAVEN\LQASMAVEN\LQASMaven\target\surefire\surefire4685136892635750060tmp"/>
    <property name="java.specification.vendor" value="Oracle Corporation"/>
    <property name="user.language" value="en"/>
    <property name="user.language.format" value="uk"/>
    <property name="awt.toolkit" value="sun.awt.windows.WToolkit"/>
    <property name="java.vm.info" value="mixed mode"/>
    <property name="java.version" value="1.7.0_67"/>
    <property name="java.ext.dirs" value="C:\Program Files\Java\jdk1.7.0_67\jre\lib\ext;C:\Windows\Sun\Java\lib\ext"/>
    <property name="sun.boot.class.path" value="C:\Program Files\Java\jdk1.7.0_67\jre\lib\resources.jar;C:\Program Files\Java\jdk1.7.0_67\jre\lib\rt.jar;C:\Program Files\Java\jdk1.7.0_67\jre\lib\sunrsasign.jar;C:\Program Files\Java\jdk1.7.0_67\jre\lib\jsse.jar;C:\Program Files\Java\jdk1.7.0_67\jre\lib\jce.jar;C:\Program Files\Java\jdk1.7.0_67\jre\lib\charsets.jar;C:\Program Files\Java\jdk1.7.0_67\jre\lib\jfr.jar;C:\Program Files\Java\jdk1.7.0_67\jre\classes"/>
    <property name="java.vendor" value="Oracle Corporation"/>
    <property name="localRepository" value="C:\Users\Taras\.m2\repository"/>
    <property name="file.separator" value="\"/>
    <property name="java.vendor.url.bug" value="http://bugreport.sun.com/bugreport/"/>
    <property name="sun.cpu.endian" value="little"/>
    <property name="sun.io.unicode.encoding" value="UnicodeLittle"/>
    <property name="sun.desktop" value="windows"/>
    <property name="sun.cpu.isalist" value="amd64"/>
  </properties>
  <testcase time="0.016" classname="lqas.automation.AppTest2" name="forthTest"/>
  <testcase time="0" classname="lqas.automation.AppTest2" name="thirdtTest"/>
  <testcase time="0" classname="lqas.automation.AppTest" name="firstTest"/>
  <testcase time="0" classname="lqas.automation.AppTest" name="secondTest"/>
</testsuite>