<?xml version="1.0" encoding="UTF-8"?>
<!-- Generated by org.testng.reporters.JUnitReportReporter -->
<testsuite hostname="lvl1307004" name="lqas.automation.AppTest2" tests="2" failures="0" timestamp="29 May 2014 16:59:54 GMT" time="0.011" errors="0">
  <testcase name="forthTest" time="0.010" classname="lqas.automation.AppTest2"/>
  <testcase name="thirdtTest" time="0.001" classname="lqas.automation.AppTest2"/>
</testsuite> <!-- lqas.automation.AppTest2 -->
