<?xml version="1.0" encoding="UTF-8"?>
<!-- Generated by org.testng.reporters.JUnitReportReporter -->
<testsuite hostname="lvl1307004" name="lqas.automation.AppTest" tests="2" failures="0" timestamp="25 May 2014 15:06:57 GMT" time="0.011" errors="0">
  <testcase name="secondTest" time="0.001" classname="lqas.automation.AppTest"/>
  <testcase name="firstTest" time="0.010" classname="lqas.automation.AppTest"/>
</testsuite> <!-- lqas.automation.AppTest -->
