<?xml version="1.0" encoding="UTF-8"?>
<!-- Generated by org.testng.reporters.JUnitReportReporter -->
<testsuite hostname="Taras-PC" name="lqas.automation.AppTest" tests="2" failures="0" timestamp="2 Jun 2015 17:25:27 GMT" time="0.000" errors="0">
  <testcase name="secondTest" time="0.000" classname="lqas.automation.AppTest"/>
  <testcase name="firstTest" time="0.000" classname="lqas.automation.AppTest"/>
</testsuite> <!-- lqas.automation.AppTest -->
