<?xml version="1.0" encoding="UTF-8"?>
<!-- Generated by org.testng.reporters.JUnitReportReporter -->
<testsuite hostname="Taras-PC" name="lqas.automation.AppTest2" tests="2" failures="0" timestamp="2 Jun 2015 17:25:27 GMT" time="0.016" errors="0">
  <testcase name="thirdtTest" time="0.000" classname="lqas.automation.AppTest2"/>
  <testcase name="forthTest" time="0.016" classname="lqas.automation.AppTest2"/>
</testsuite> <!-- lqas.automation.AppTest2 -->
